<?xml version="1.0" encoding="UTF-8" ?>
<testsuite tests="9" failures="0" name="com.test.jerseyapi.CucumberTest" time="10.387" errors="0" skipped="8">
  <properties>
[...]
</properties>
  <testcase classname="Scenario: Validate new proposed scan range edit service" name="Given User has sample request for proposed scan range edit service" time="1.152">
    <skipped/>
    <system-err>Jul 02, 2019 3:27:11 AM org.glassfish.jersey.test.grizzly.GrizzlyTestContainerFactory$GrizzlyTestContainer &lt;init&gt;
INFO: Creating GrizzlyTestContainer configured at the base URI http://localhost:9998/
Jul 02, 2019 3:27:11 AM org.glassfish.jersey.internal.inject.Providers checkProviderRuntime
WARNING: A provider com.test.jerseyapi.model.Request registered in SERVER runtime does not implement any provider interfaces applicable in the SERVER runtime. Due to constraint configuration problems the provider com.test.jerseyapi.model.Request will be ignored. 
Jul 02, 2019 3:27:12 AM org.glassfish.grizzly.http.server.NetworkListener start
INFO: Started listener bound to [localhost:9998]
Jul 02, 2019 3:27:12 AM org.glassfish.grizzly.http.server.HttpServer start
INFO: [HttpServer] Started.
</system-err>
  </testcase>
  <testcase classname="Scenario: Validate new proposed scan range edit service" name="When scan range edit service called via postman" time="1.153">
    <skipped/>
  </testcase>
  <testcase classname="Scenario: Validate new proposed scan range edit service" name="Then the service call should be successful" time="1.153">
    <skipped/>
  </testcase>
  <testcase classname="Scenario: Validate new proposed scan range edit service" name="And update record should be written to ScanRangeUpdate.txt &amp; activePSIData.txt files" time="1.153">
    <skipped/>
  </testcase>
  <testcase classname="Scenario: Validate new proposed scan range edit service" name="When scan range edit service called via postman with empty request body" time="1.154">
    <skipped/>
  </testcase>
  <testcase classname="Scenario: Validate new proposed scan range edit service" name="Then the service call should be unsuccessful" time="1.155">
    <skipped/>
  </testcase>
  <testcase classname="Scenario: Validate new proposed scan range edit service" name="And update record should not be written to ScanRangeUpdate.txt &amp; activePSIData.txt files" time="1.155">
    <skipped/>
  </testcase>
  <testcase classname="Scenario: Validate new proposed scan range edit service" name="Scenario: Validate new proposed scan range edit service" time="1.156">
    <skipped/>
  </testcase>
  <testcase classname="Scenario: Validate new proposed scan range edit service" name="Scenario: Validate new proposed scan range edit service" time="1.156"/>
</testsuite>